<?xml version="1.0" encoding="UTF-8"?>
<testsuite xmlns:xsi="http://www.w3.org/2001/XMLSchema-instance" xsi:noNamespaceSchemaLocation="https://maven.apache.org/surefire/maven-surefire-plugin/xsd/surefire-test-report.xsd" version="3.0.2" name="TestSuite" time="1.241" tests="27" errors="0" skipped="0" failures="0">
  <properties>
[...]
</properties>
  <testcase name="runScenario[&quot;: login with credentials&quot;, &quot;login to app&quot;](1)" classname="Runner.Ex14_GenerateReportRunner" time="0.095">
    <system-out><![CDATA[
Scenario: : login with credentials       &amp#27;[90m# src/test/resources/FeatureFiles/E10_Hooks.feature:3&amp#27;[0m
at login page
  &amp#27;[32mGiven &amp#27;[0m&amp#27;[32muser is at login page&amp#27;[0m            &amp#27;[90m# Steps.LoginSteps.user_is_at_login_page()&amp#27;[0m
Enter UN
  &amp#27;[32mWhen &amp#27;[0m&amp#27;[32muser enter UN&amp#27;[0m                     &amp#27;[90m# Steps.LoginSteps.user_enter_un()&amp#27;[0m
Enter Pwd
  &amp#27;[32mAnd &amp#27;[0m&amp#27;[32muser enter PWD&amp#27;[0m                     &amp#27;[90m# Steps.LoginSteps.user_enter_pwd()&amp#27;[0m
Click on login btn
  &amp#27;[32mAnd &amp#27;[0m&amp#27;[32muser click on login btn&amp#27;[0m            &amp#27;[90m# Steps.LoginSteps.user_click_on_login_btn()&amp#27;[0m
---Home Page Visible---
  &amp#27;[32mThen &amp#27;[0m&amp#27;[32muser should redirect to home page&amp#27;[0m &amp#27;[90m# Steps.LoginSteps.user_should_redirect_to_home_page()&amp#27;[0m
]]></system-out>
    <system-err><![CDATA[SLF4J: Failed to load class "org.slf4j.impl.StaticLoggerBinder".
SLF4J: Defaulting to no-operation (NOP) logger implementation
SLF4J: See http://www.slf4j.org/codes.html#StaticLoggerBinder for further details.
]]></system-err>
  </testcase>
  <testcase name="runScenario[&quot;verify title of webpage&quot;, &quot;login to app&quot;](2)" classname="Runner.Ex14_GenerateReportRunner" time="0.014">
    <system-out><![CDATA[
Scenario: verify title of webpage     &amp#27;[90m# src/test/resources/FeatureFiles/E10_Hooks.feature:10&amp#27;[0m
at login page
  &amp#27;[32mGiven &amp#27;[0m&amp#27;[32muser is at login page&amp#27;[0m         &amp#27;[90m# Steps.LoginSteps.user_is_at_login_page()&amp#27;[0m
--title visible---
  &amp#27;[32mThen &amp#27;[0m&amp#27;[32mtitle of App should be visible&amp#27;[0m &amp#27;[90m# Steps.LoginSteps.title_of_app_should_be_visible()&amp#27;[0m
]]></system-out>
  </testcase>
  <testcase name="runScenario[&quot;S1: verify title&quot;, &quot;login functionality using background keyword&quot;](3)" classname="Runner.Ex14_GenerateReportRunner" time="0.013">
    <system-out><![CDATA[
@regression @smoke
Scenario: S1: verify title    &amp#27;[90m# src/test/resources/FeatureFiles/Ex11_Tags.feature:11&amp#27;[0m
at login page
  &amp#27;[32mGiven &amp#27;[0m&amp#27;[32muser is at login page&amp#27;[0m &amp#27;[90m# Steps.LoginSteps.user_is_at_login_page()&amp#27;[0m
Enter UN
  &amp#27;[32mWhen &amp#27;[0m&amp#27;[32muser enter UN&amp#27;[0m          &amp#27;[90m# Steps.LoginSteps.user_enter_un()&amp#27;[0m
Enter Pwd
  &amp#27;[32mAnd &amp#27;[0m&amp#27;[32muser enter PWD&amp#27;[0m          &amp#27;[90m# Steps.LoginSteps.user_enter_pwd()&amp#27;[0m
Click on login btn
  &amp#27;[32mAnd &amp#27;[0m&amp#27;[32muser click on login btn&amp#27;[0m &amp#27;[90m# Steps.LoginSteps.user_click_on_login_btn()&amp#27;[0m
--title verified--
  &amp#27;[32mThen &amp#27;[0m&amp#27;[32mget title & verify&amp#27;[0m     &amp#27;[90m# Steps.LoginSteps.get_title_verify()&amp#27;[0m
]]></system-out>
  </testcase>
  <testcase name="runScenario[&quot;s2: verify profile&quot;, &quot;login functionality using background keyword&quot;](4)" classname="Runner.Ex14_GenerateReportRunner" time="0.008">
    <system-out><![CDATA[
@regression @smoke
Scenario: s2: verify profile     &amp#27;[90m# src/test/resources/FeatureFiles/Ex11_Tags.feature:15&amp#27;[0m
at login page
  &amp#27;[32mGiven &amp#27;[0m&amp#27;[32muser is at login page&amp#27;[0m    &amp#27;[90m# Steps.LoginSteps.user_is_at_login_page()&amp#27;[0m
Enter UN
  &amp#27;[32mWhen &amp#27;[0m&amp#27;[32muser enter UN&amp#27;[0m             &amp#27;[90m# Steps.LoginSteps.user_enter_un()&amp#27;[0m
Enter Pwd
  &amp#27;[32mAnd &amp#27;[0m&amp#27;[32muser enter PWD&amp#27;[0m             &amp#27;[90m# Steps.LoginSteps.user_enter_pwd()&amp#27;[0m
Click on login btn
  &amp#27;[32mAnd &amp#27;[0m&amp#27;[32muser click on login btn&amp#27;[0m    &amp#27;[90m# Steps.LoginSteps.user_click_on_login_btn()&amp#27;[0m
click on profile tab
  &amp#27;[32mWhen &amp#27;[0m&amp#27;[32muser click on profile tab&amp#27;[0m &amp#27;[90m# Steps.LoginSteps.user_click_on_profile_tab()&amp#27;[0m
---Profile name verified--
  &amp#27;[32mThen &amp#27;[0m&amp#27;[32mverify profile name&amp#27;[0m       &amp#27;[90m# Steps.LoginSteps.verify_profile_name()&amp#27;[0m
]]></system-out>
  </testcase>
  <testcase name="runScenario[&quot;s3: verify profile picture&quot;, &quot;login functionality using background keyword&quot;](5)" classname="Runner.Ex14_GenerateReportRunner" time="0.028">
    <system-out><![CDATA[
@regression @sanity
Scenario: s3: verify profile picture &amp#27;[90m# src/test/resources/FeatureFiles/Ex11_Tags.feature:20&amp#27;[0m
at login page
  &amp#27;[32mGiven &amp#27;[0m&amp#27;[32muser is at login page&amp#27;[0m        &amp#27;[90m# Steps.LoginSteps.user_is_at_login_page()&amp#27;[0m
Enter UN
  &amp#27;[32mWhen &amp#27;[0m&amp#27;[32muser enter UN&amp#27;[0m                 &amp#27;[90m# Steps.LoginSteps.user_enter_un()&amp#27;[0m
Enter Pwd
  &amp#27;[32mAnd &amp#27;[0m&amp#27;[32muser enter PWD&amp#27;[0m                 &amp#27;[90m# Steps.LoginSteps.user_enter_pwd()&amp#27;[0m
Click on login btn
  &amp#27;[32mAnd &amp#27;[0m&amp#27;[32muser click on login btn&amp#27;[0m        &amp#27;[90m# Steps.LoginSteps.user_click_on_login_btn()&amp#27;[0m
click on profile tab
  &amp#27;[32mWhen &amp#27;[0m&amp#27;[32muser click on profile tab&amp#27;[0m     &amp#27;[90m# Steps.LoginSteps.user_click_on_profile_tab()&amp#27;[0m
profile picture verified
  &amp#27;[32mThen &amp#27;[0m&amp#27;[32mverify profile picture&amp#27;[0m        &amp#27;[90m# Steps.LoginSteps.verify_profile_picture()&amp#27;[0m
]]></system-out>
  </testcase>
  <testcase name="runScenario[&quot;s4: logout from app&quot;, &quot;login functionality using background keyword&quot;](6)" classname="Runner.Ex14_GenerateReportRunner" time="0.005">
    <system-out><![CDATA[
@regression
Scenario: s4: logout from app    &amp#27;[90m# src/test/resources/FeatureFiles/Ex11_Tags.feature:24&amp#27;[0m
at login page
  &amp#27;[32mGiven &amp#27;[0m&amp#27;[32muser is at login page&amp#27;[0m    &amp#27;[90m# Steps.LoginSteps.user_is_at_login_page()&amp#27;[0m
Enter UN
  &amp#27;[32mWhen &amp#27;[0m&amp#27;[32muser enter UN&amp#27;[0m             &amp#27;[90m# Steps.LoginSteps.user_enter_un()&amp#27;[0m
Enter Pwd
  &amp#27;[32mAnd &amp#27;[0m&amp#27;[32muser enter PWD&amp#27;[0m             &amp#27;[90m# Steps.LoginSteps.user_enter_pwd()&amp#27;[0m
Click on login btn
  &amp#27;[32mAnd &amp#27;[0m&amp#27;[32muser click on login btn&amp#27;[0m    &amp#27;[90m# Steps.LoginSteps.user_click_on_login_btn()&amp#27;[0m
click on profile tab
  &amp#27;[32mWhen &amp#27;[0m&amp#27;[32muser click on profile tab&amp#27;[0m &amp#27;[90m# Steps.LoginSteps.user_click_on_profile_tab()&amp#27;[0m
--logged out from app---
  &amp#27;[32mThen &amp#27;[0m&amp#27;[32muser click on logout btn&amp#27;[0m  &amp#27;[90m# Steps.LoginSteps.user_click_on_logout_btn()&amp#27;[0m
]]></system-out>
  </testcase>
  <testcase name="runScenario[&quot;login with valid credetials&quot;, &quot;login feature&quot;](7)" classname="Runner.Ex14_GenerateReportRunner" time="0.015">
    <system-out><![CDATA[
Scenario: login with valid credetials    &amp#27;[90m# src/test/resources/FeatureFiles/Ex1_loginToApplWithoutTD.feature:3&amp#27;[0m
at login page
  &amp#27;[32mGiven &amp#27;[0m&amp#27;[32muser is at login page&amp#27;[0m            &amp#27;[90m# Steps.LoginSteps.user_is_at_login_page()&amp#27;[0m
Enter UN
  &amp#27;[32mWhen &amp#27;[0m&amp#27;[32muser enter UN&amp#27;[0m                     &amp#27;[90m# Steps.LoginSteps.user_enter_un()&amp#27;[0m
Enter Pwd
  &amp#27;[32mAnd &amp#27;[0m&amp#27;[32muser enter PWD&amp#27;[0m                     &amp#27;[90m# Steps.LoginSteps.user_enter_pwd()&amp#27;[0m
Click on login btn
  &amp#27;[32mAnd &amp#27;[0m&amp#27;[32muser click on login btn&amp#27;[0m            &amp#27;[90m# Steps.LoginSteps.user_click_on_login_btn()&amp#27;[0m
---Home Page Visible---
  &amp#27;[32mThen &amp#27;[0m&amp#27;[32muser should redirect to home page&amp#27;[0m &amp#27;[90m# Steps.LoginSteps.user_should_redirect_to_home_page()&amp#27;[0m
]]></system-out>
  </testcase>
  <testcase name="runScenario[&quot;: login with credentials&quot;, &quot;login to app&quot;](8)" classname="Runner.Ex14_GenerateReportRunner" time="0.009">
    <system-out><![CDATA[
Scenario: : login with credentials       &amp#27;[90m# src/test/resources/FeatureFiles/Ex2_MultipleScenarioInSingleFeatureFile.feature:3&amp#27;[0m
at login page
  &amp#27;[32mGiven &amp#27;[0m&amp#27;[32muser is at login page&amp#27;[0m            &amp#27;[90m# Steps.LoginSteps.user_is_at_login_page()&amp#27;[0m
Enter UN
  &amp#27;[32mWhen &amp#27;[0m&amp#27;[32muser enter UN&amp#27;[0m                     &amp#27;[90m# Steps.LoginSteps.user_enter_un()&amp#27;[0m
Enter Pwd
  &amp#27;[32mAnd &amp#27;[0m&amp#27;[32muser enter PWD&amp#27;[0m                     &amp#27;[90m# Steps.LoginSteps.user_enter_pwd()&amp#27;[0m
Click on login btn
  &amp#27;[32mAnd &amp#27;[0m&amp#27;[32muser click on login btn&amp#27;[0m            &amp#27;[90m# Steps.LoginSteps.user_click_on_login_btn()&amp#27;[0m
---Home Page Visible---
  &amp#27;[32mThen &amp#27;[0m&amp#27;[32muser should redirect to home page&amp#27;[0m &amp#27;[90m# Steps.LoginSteps.user_should_redirect_to_home_page()&amp#27;[0m
]]></system-out>
  </testcase>
  <testcase name="runScenario[&quot;verify title of webpage&quot;, &quot;login to app&quot;](9)" classname="Runner.Ex14_GenerateReportRunner" time="0.007">
    <system-out><![CDATA[
Scenario: verify title of webpage     &amp#27;[90m# src/test/resources/FeatureFiles/Ex2_MultipleScenarioInSingleFeatureFile.feature:10&amp#27;[0m
at login page
  &amp#27;[32mGiven &amp#27;[0m&amp#27;[32muser is at login page&amp#27;[0m         &amp#27;[90m# Steps.LoginSteps.user_is_at_login_page()&amp#27;[0m
--title visible---
  &amp#27;[32mThen &amp#27;[0m&amp#27;[32mtitle of App should be visible&amp#27;[0m &amp#27;[90m# Steps.LoginSteps.title_of_app_should_be_visible()&amp#27;[0m
]]></system-out>
  </testcase>
  <testcase name="runScenario[&quot;login with valid credentials using TestData&quot;, &quot;Login functionality with Test Data&quot;](10)" classname="Runner.Ex14_GenerateReportRunner" time="0.013">
    <system-out><![CDATA[
Scenario: login with valid credentials using TestData &amp#27;[90m# src/test/resources/FeatureFiles/Ex3_PassInput(TD)FromFeatureFileIntoSDClass.feature:2&amp#27;[0m
at login page
  &amp#27;[32mGiven &amp#27;[0m&amp#27;[32muser is at login page&amp#27;[0m                         &amp#27;[90m# Steps.LoginSteps.user_is_at_login_page()&amp#27;[0m
username: abcd
  &amp#27;[32mWhen &amp#27;[0m&amp#27;[32muser enter UN as &amp#27;[0m&amp#27;[32m&amp#27;[1m"abcd"&amp#27;[0m                        &amp#27;[90m# Steps.LoginSteps.user_enter_un_as(java.lang.String)&amp#27;[0m
Password: xyz
  &amp#27;[32mAnd &amp#27;[0m&amp#27;[32muser enter PWD as &amp#27;[0m&amp#27;[32m&amp#27;[1m"xyz"&amp#27;[0m                         &amp#27;[90m# Steps.LoginSteps.user_enter_pwd_as(java.lang.String)&amp#27;[0m
Pin: 1234
  &amp#27;[32mAnd &amp#27;[0m&amp#27;[32muser enter pin &amp#27;[0m&amp#27;[32m&amp#27;[1m1234&amp#27;[0m                             &amp#27;[90m# Steps.LoginSteps.user_enter_pin(java.lang.Integer)&amp#27;[0m
Profile picture visible
  &amp#27;[32mThen &amp#27;[0m&amp#27;[32muser profile picture should be visible&amp#27;[0m         &amp#27;[90m# Steps.LoginSteps.user_profile_picture_should_be_visible()&amp#27;[0m
]]></system-out>
  </testcase>
  <testcase name="runScenario[&quot;S1: verify title&quot;, &quot;login functionality using background keyword&quot;](11)" classname="Runner.Ex14_GenerateReportRunner" time="0.008">
    <system-out><![CDATA[
Scenario: S1: verify title    &amp#27;[90m# src/test/resources/FeatureFiles/Ex4_UseOfBackgroundKeyword.feature:9&amp#27;[0m
at login page
  &amp#27;[32mGiven &amp#27;[0m&amp#27;[32muser is at login page&amp#27;[0m &amp#27;[90m# Steps.LoginSteps.user_is_at_login_page()&amp#27;[0m
Enter UN
  &amp#27;[32mWhen &amp#27;[0m&amp#27;[32muser enter UN&amp#27;[0m          &amp#27;[90m# Steps.LoginSteps.user_enter_un()&amp#27;[0m
Enter Pwd
  &amp#27;[32mAnd &amp#27;[0m&amp#27;[32muser enter PWD&amp#27;[0m          &amp#27;[90m# Steps.LoginSteps.user_enter_pwd()&amp#27;[0m
Click on login btn
  &amp#27;[32mAnd &amp#27;[0m&amp#27;[32muser click on login btn&amp#27;[0m &amp#27;[90m# Steps.LoginSteps.user_click_on_login_btn()&amp#27;[0m
--title verified--
  &amp#27;[32mThen &amp#27;[0m&amp#27;[32mget title & verify&amp#27;[0m     &amp#27;[90m# Steps.LoginSteps.get_title_verify()&amp#27;[0m
]]></system-out>
  </testcase>
  <testcase name="runScenario[&quot;s2: verify profile&quot;, &quot;login functionality using background keyword&quot;](12)" classname="Runner.Ex14_GenerateReportRunner" time="0.009">
    <system-out><![CDATA[
Scenario: s2: verify profile     &amp#27;[90m# src/test/resources/FeatureFiles/Ex4_UseOfBackgroundKeyword.feature:12&amp#27;[0m
at login page
  &amp#27;[32mGiven &amp#27;[0m&amp#27;[32muser is at login page&amp#27;[0m    &amp#27;[90m# Steps.LoginSteps.user_is_at_login_page()&amp#27;[0m
Enter UN
  &amp#27;[32mWhen &amp#27;[0m&amp#27;[32muser enter UN&amp#27;[0m             &amp#27;[90m# Steps.LoginSteps.user_enter_un()&amp#27;[0m
Enter Pwd
  &amp#27;[32mAnd &amp#27;[0m&amp#27;[32muser enter PWD&amp#27;[0m             &amp#27;[90m# Steps.LoginSteps.user_enter_pwd()&amp#27;[0m
Click on login btn
  &amp#27;[32mAnd &amp#27;[0m&amp#27;[32muser click on login btn&amp#27;[0m    &amp#27;[90m# Steps.LoginSteps.user_click_on_login_btn()&amp#27;[0m
click on profile tab
  &amp#27;[32mWhen &amp#27;[0m&amp#27;[32muser click on profile tab&amp#27;[0m &amp#27;[90m# Steps.LoginSteps.user_click_on_profile_tab()&amp#27;[0m
---Profile name verified--
  &amp#27;[32mThen &amp#27;[0m&amp#27;[32mverify profile name&amp#27;[0m       &amp#27;[90m# Steps.LoginSteps.verify_profile_name()&amp#27;[0m
]]></system-out>
  </testcase>
  <testcase name="runScenario[&quot;s3: logout from app&quot;, &quot;login functionality using background keyword&quot;](13)" classname="Runner.Ex14_GenerateReportRunner" time="0.006">
    <system-out><![CDATA[
Scenario: s3: logout from app    &amp#27;[90m# src/test/resources/FeatureFiles/Ex4_UseOfBackgroundKeyword.feature:16&amp#27;[0m
at login page
  &amp#27;[32mGiven &amp#27;[0m&amp#27;[32muser is at login page&amp#27;[0m    &amp#27;[90m# Steps.LoginSteps.user_is_at_login_page()&amp#27;[0m
Enter UN
  &amp#27;[32mWhen &amp#27;[0m&amp#27;[32muser enter UN&amp#27;[0m             &amp#27;[90m# Steps.LoginSteps.user_enter_un()&amp#27;[0m
Enter Pwd
  &amp#27;[32mAnd &amp#27;[0m&amp#27;[32muser enter PWD&amp#27;[0m             &amp#27;[90m# Steps.LoginSteps.user_enter_pwd()&amp#27;[0m
Click on login btn
  &amp#27;[32mAnd &amp#27;[0m&amp#27;[32muser click on login btn&amp#27;[0m    &amp#27;[90m# Steps.LoginSteps.user_click_on_login_btn()&amp#27;[0m
click on profile tab
  &amp#27;[32mWhen &amp#27;[0m&amp#27;[32muser click on profile tab&amp#27;[0m &amp#27;[90m# Steps.LoginSteps.user_click_on_profile_tab()&amp#27;[0m
--logged out from app---
  &amp#27;[32mThen &amp#27;[0m&amp#27;[32muser click on logout btn&amp#27;[0m  &amp#27;[90m# Steps.LoginSteps.user_click_on_logout_btn()&amp#27;[0m
]]></system-out>
  </testcase>
  <testcase name="runScenario[&quot;login to application&quot;, &quot;login feature with Scenario outline&quot;](14)" classname="Runner.Ex14_GenerateReportRunner" time="0.005">
    <system-out><![CDATA[
Scenario Outline: login to application         &amp#27;[90m# src/test/resources/FeatureFiles/Ex5_ScenarioOutline.feature:14&amp#27;[0m
at signup page
  &amp#27;[32mGiven &amp#27;[0m&amp#27;[32muser in at signup page&amp#27;[0m                 &amp#27;[90m# Steps.CreateUserSteps.user_in_at_signup_page()&amp#27;[0m
Enter Name : rahul
  &amp#27;[32mWhen &amp#27;[0m&amp#27;[32muser enters name as &amp#27;[0m&amp#27;[32m&amp#27;[1m"rahul"&amp#27;[0m&amp#27;[32m inside form&amp#27;[0m &amp#27;[90m# Steps.CreateUserSteps.user_enters_name_as_inside_form(java.lang.String)&amp#27;[0m
Enter Age: 21
  &amp#27;[32mAnd &amp#27;[0m&amp#27;[32muser enters age as &amp#27;[0m&amp#27;[32m&amp#27;[1m21&amp#27;[0m                    &amp#27;[90m# Steps.CreateUserSteps.user_enters_age_as(java.lang.Integer)&amp#27;[0m
Enter Gender: male
  &amp#27;[32mAnd &amp#27;[0m&amp#27;[32muser confirm gender as &amp#27;[0m&amp#27;[32m&amp#27;[1m"male"&amp#27;[0m            &amp#27;[90m# Steps.CreateUserSteps.user_confirm_gender_as(java.lang.String)&amp#27;[0m
Enter Mob Num: 1111
  &amp#27;[32mAnd &amp#27;[0m&amp#27;[32muser enters mobNum as &amp#27;[0m&amp#27;[32m&amp#27;[1m1111&amp#27;[0m               &amp#27;[90m# Steps.CreateUserSteps.user_enters_mob_num_as(java.lang.Integer)&amp#27;[0m
--User Created--
  &amp#27;[32mThen &amp#27;[0m&amp#27;[32muser gets created&amp#27;[0m                       &amp#27;[90m# Steps.CreateUserSteps.user_gets_created()&amp#27;[0m
]]></system-out>
  </testcase>
  <testcase name="runScenario[&quot;login to application&quot;, &quot;login feature with Scenario outline&quot;](15)" classname="Runner.Ex14_GenerateReportRunner" time="0.008">
    <system-out><![CDATA[
Scenario Outline: login to application          &amp#27;[90m# src/test/resources/FeatureFiles/Ex5_ScenarioOutline.feature:15&amp#27;[0m
at signup page
  &amp#27;[32mGiven &amp#27;[0m&amp#27;[32muser in at signup page&amp#27;[0m                  &amp#27;[90m# Steps.CreateUserSteps.user_in_at_signup_page()&amp#27;[0m
Enter Name : mahesh
  &amp#27;[32mWhen &amp#27;[0m&amp#27;[32muser enters name as &amp#27;[0m&amp#27;[32m&amp#27;[1m"mahesh"&amp#27;[0m&amp#27;[32m inside form&amp#27;[0m &amp#27;[90m# Steps.CreateUserSteps.user_enters_name_as_inside_form(java.lang.String)&amp#27;[0m
Enter Age: 22
  &amp#27;[32mAnd &amp#27;[0m&amp#27;[32muser enters age as &amp#27;[0m&amp#27;[32m&amp#27;[1m22&amp#27;[0m                     &amp#27;[90m# Steps.CreateUserSteps.user_enters_age_as(java.lang.Integer)&amp#27;[0m
Enter Gender: male
  &amp#27;[32mAnd &amp#27;[0m&amp#27;[32muser confirm gender as &amp#27;[0m&amp#27;[32m&amp#27;[1m"male"&amp#27;[0m             &amp#27;[90m# Steps.CreateUserSteps.user_confirm_gender_as(java.lang.String)&amp#27;[0m
Enter Mob Num: 2222
  &amp#27;[32mAnd &amp#27;[0m&amp#27;[32muser enters mobNum as &amp#27;[0m&amp#27;[32m&amp#27;[1m2222&amp#27;[0m                &amp#27;[90m# Steps.CreateUserSteps.user_enters_mob_num_as(java.lang.Integer)&amp#27;[0m
--User Created--
  &amp#27;[32mThen &amp#27;[0m&amp#27;[32muser gets created&amp#27;[0m                        &amp#27;[90m# Steps.CreateUserSteps.user_gets_created()&amp#27;[0m
]]></system-out>
  </testcase>
  <testcase name="runScenario[&quot;login to application&quot;, &quot;login feature with Scenario outline&quot;](16)" classname="Runner.Ex14_GenerateReportRunner" time="0.003">
    <system-out><![CDATA[
Scenario Outline: login to application         &amp#27;[90m# src/test/resources/FeatureFiles/Ex5_ScenarioOutline.feature:16&amp#27;[0m
at signup page
  &amp#27;[32mGiven &amp#27;[0m&amp#27;[32muser in at signup page&amp#27;[0m                 &amp#27;[90m# Steps.CreateUserSteps.user_in_at_signup_page()&amp#27;[0m
Enter Name : Priti
  &amp#27;[32mWhen &amp#27;[0m&amp#27;[32muser enters name as &amp#27;[0m&amp#27;[32m&amp#27;[1m"Priti"&amp#27;[0m&amp#27;[32m inside form&amp#27;[0m &amp#27;[90m# Steps.CreateUserSteps.user_enters_name_as_inside_form(java.lang.String)&amp#27;[0m
Enter Age: 25
  &amp#27;[32mAnd &amp#27;[0m&amp#27;[32muser enters age as &amp#27;[0m&amp#27;[32m&amp#27;[1m25&amp#27;[0m                    &amp#27;[90m# Steps.CreateUserSteps.user_enters_age_as(java.lang.Integer)&amp#27;[0m
Enter Gender: female
  &amp#27;[32mAnd &amp#27;[0m&amp#27;[32muser confirm gender as &amp#27;[0m&amp#27;[32m&amp#27;[1m"female"&amp#27;[0m          &amp#27;[90m# Steps.CreateUserSteps.user_confirm_gender_as(java.lang.String)&amp#27;[0m
Enter Mob Num: 3333
  &amp#27;[32mAnd &amp#27;[0m&amp#27;[32muser enters mobNum as &amp#27;[0m&amp#27;[32m&amp#27;[1m3333&amp#27;[0m               &amp#27;[90m# Steps.CreateUserSteps.user_enters_mob_num_as(java.lang.Integer)&amp#27;[0m
--User Created--
  &amp#27;[32mThen &amp#27;[0m&amp#27;[32muser gets created&amp#27;[0m                       &amp#27;[90m# Steps.CreateUserSteps.user_gets_created()&amp#27;[0m
]]></system-out>
  </testcase>
  <testcase name="runScenario[&quot;login to application&quot;, &quot;login feature with Scenario outline&quot;](17)" classname="Runner.Ex14_GenerateReportRunner" time="0.004">
    <system-out><![CDATA[
Scenario Outline: login to application         &amp#27;[90m# src/test/resources/FeatureFiles/Ex5_ScenarioOutline.feature:17&amp#27;[0m
at signup page
  &amp#27;[32mGiven &amp#27;[0m&amp#27;[32muser in at signup page&amp#27;[0m                 &amp#27;[90m# Steps.CreateUserSteps.user_in_at_signup_page()&amp#27;[0m
Enter Name : Swati
  &amp#27;[32mWhen &amp#27;[0m&amp#27;[32muser enters name as &amp#27;[0m&amp#27;[32m&amp#27;[1m"Swati"&amp#27;[0m&amp#27;[32m inside form&amp#27;[0m &amp#27;[90m# Steps.CreateUserSteps.user_enters_name_as_inside_form(java.lang.String)&amp#27;[0m
Enter Age: 26
  &amp#27;[32mAnd &amp#27;[0m&amp#27;[32muser enters age as &amp#27;[0m&amp#27;[32m&amp#27;[1m26&amp#27;[0m                    &amp#27;[90m# Steps.CreateUserSteps.user_enters_age_as(java.lang.Integer)&amp#27;[0m
Enter Gender: female
  &amp#27;[32mAnd &amp#27;[0m&amp#27;[32muser confirm gender as &amp#27;[0m&amp#27;[32m&amp#27;[1m"female"&amp#27;[0m          &amp#27;[90m# Steps.CreateUserSteps.user_confirm_gender_as(java.lang.String)&amp#27;[0m
Enter Mob Num: 4444
  &amp#27;[32mAnd &amp#27;[0m&amp#27;[32muser enters mobNum as &amp#27;[0m&amp#27;[32m&amp#27;[1m4444&amp#27;[0m               &amp#27;[90m# Steps.CreateUserSteps.user_enters_mob_num_as(java.lang.Integer)&amp#27;[0m
--User Created--
  &amp#27;[32mThen &amp#27;[0m&amp#27;[32muser gets created&amp#27;[0m                       &amp#27;[90m# Steps.CreateUserSteps.user_gets_created()&amp#27;[0m
]]></system-out>
  </testcase>
  <testcase name="runScenario[&quot;login to application&quot;, &quot;login feature with Scenario outline&quot;](18)" classname="Runner.Ex14_GenerateReportRunner" time="0.007">
    <system-out><![CDATA[
Scenario Outline: login to application        &amp#27;[90m# src/test/resources/FeatureFiles/Ex5_ScenarioOutline.feature:18&amp#27;[0m
at signup page
  &amp#27;[32mGiven &amp#27;[0m&amp#27;[32muser in at signup page&amp#27;[0m                &amp#27;[90m# Steps.CreateUserSteps.user_in_at_signup_page()&amp#27;[0m
Enter Name : amol
  &amp#27;[32mWhen &amp#27;[0m&amp#27;[32muser enters name as &amp#27;[0m&amp#27;[32m&amp#27;[1m"amol"&amp#27;[0m&amp#27;[32m inside form&amp#27;[0m &amp#27;[90m# Steps.CreateUserSteps.user_enters_name_as_inside_form(java.lang.String)&amp#27;[0m
Enter Age: 27
  &amp#27;[32mAnd &amp#27;[0m&amp#27;[32muser enters age as &amp#27;[0m&amp#27;[32m&amp#27;[1m27&amp#27;[0m                   &amp#27;[90m# Steps.CreateUserSteps.user_enters_age_as(java.lang.Integer)&amp#27;[0m
Enter Gender: male
  &amp#27;[32mAnd &amp#27;[0m&amp#27;[32muser confirm gender as &amp#27;[0m&amp#27;[32m&amp#27;[1m"male"&amp#27;[0m           &amp#27;[90m# Steps.CreateUserSteps.user_confirm_gender_as(java.lang.String)&amp#27;[0m
Enter Mob Num: 5555
  &amp#27;[32mAnd &amp#27;[0m&amp#27;[32muser enters mobNum as &amp#27;[0m&amp#27;[32m&amp#27;[1m5555&amp#27;[0m              &amp#27;[90m# Steps.CreateUserSteps.user_enters_mob_num_as(java.lang.Integer)&amp#27;[0m
--User Created--
  &amp#27;[32mThen &amp#27;[0m&amp#27;[32muser gets created&amp#27;[0m                      &amp#27;[90m# Steps.CreateUserSteps.user_gets_created()&amp#27;[0m
]]></system-out>
  </testcase>
  <testcase name="runScenario[&quot;login to application&quot;, &quot;login feature with Scenario outline&quot;](19)" classname="Runner.Ex14_GenerateReportRunner" time="0.004">
    <system-out><![CDATA[
Scenario Outline: login to application         &amp#27;[90m# src/test/resources/FeatureFiles/Ex7_ScenarioOutlineWithNormalScenario.feature:12&amp#27;[0m
at signup page
  &amp#27;[32mGiven &amp#27;[0m&amp#27;[32muser in at signup page&amp#27;[0m                 &amp#27;[90m# Steps.CreateUserSteps.user_in_at_signup_page()&amp#27;[0m
Enter Name : rahul
  &amp#27;[32mWhen &amp#27;[0m&amp#27;[32muser enters name as &amp#27;[0m&amp#27;[32m&amp#27;[1m"rahul"&amp#27;[0m&amp#27;[32m inside form&amp#27;[0m &amp#27;[90m# Steps.CreateUserSteps.user_enters_name_as_inside_form(java.lang.String)&amp#27;[0m
Enter Age: 21
  &amp#27;[32mAnd &amp#27;[0m&amp#27;[32muser enters age as &amp#27;[0m&amp#27;[32m&amp#27;[1m21&amp#27;[0m                    &amp#27;[90m# Steps.CreateUserSteps.user_enters_age_as(java.lang.Integer)&amp#27;[0m
Enter Gender: male
  &amp#27;[32mAnd &amp#27;[0m&amp#27;[32muser confirm gender as &amp#27;[0m&amp#27;[32m&amp#27;[1m"male"&amp#27;[0m            &amp#27;[90m# Steps.CreateUserSteps.user_confirm_gender_as(java.lang.String)&amp#27;[0m
--User Created--
  &amp#27;[32mThen &amp#27;[0m&amp#27;[32muser gets created&amp#27;[0m                       &amp#27;[90m# Steps.CreateUserSteps.user_gets_created()&amp#27;[0m
]]></system-out>
  </testcase>
  <testcase name="runScenario[&quot;login to application&quot;, &quot;login feature with Scenario outline&quot;](20)" classname="Runner.Ex14_GenerateReportRunner" time="0.006">
    <system-out><![CDATA[
Scenario Outline: login to application          &amp#27;[90m# src/test/resources/FeatureFiles/Ex7_ScenarioOutlineWithNormalScenario.feature:13&amp#27;[0m
at signup page
  &amp#27;[32mGiven &amp#27;[0m&amp#27;[32muser in at signup page&amp#27;[0m                  &amp#27;[90m# Steps.CreateUserSteps.user_in_at_signup_page()&amp#27;[0m
Enter Name : mahesh
  &amp#27;[32mWhen &amp#27;[0m&amp#27;[32muser enters name as &amp#27;[0m&amp#27;[32m&amp#27;[1m"mahesh"&amp#27;[0m&amp#27;[32m inside form&amp#27;[0m &amp#27;[90m# Steps.CreateUserSteps.user_enters_name_as_inside_form(java.lang.String)&amp#27;[0m
Enter Age: 22
  &amp#27;[32mAnd &amp#27;[0m&amp#27;[32muser enters age as &amp#27;[0m&amp#27;[32m&amp#27;[1m22&amp#27;[0m                     &amp#27;[90m# Steps.CreateUserSteps.user_enters_age_as(java.lang.Integer)&amp#27;[0m
Enter Gender: male
  &amp#27;[32mAnd &amp#27;[0m&amp#27;[32muser confirm gender as &amp#27;[0m&amp#27;[32m&amp#27;[1m"male"&amp#27;[0m             &amp#27;[90m# Steps.CreateUserSteps.user_confirm_gender_as(java.lang.String)&amp#27;[0m
--User Created--
  &amp#27;[32mThen &amp#27;[0m&amp#27;[32muser gets created&amp#27;[0m                        &amp#27;[90m# Steps.CreateUserSteps.user_gets_created()&amp#27;[0m
]]></system-out>
  </testcase>
  <testcase name="runScenario[&quot;login to application&quot;, &quot;login feature with Scenario outline&quot;](21)" classname="Runner.Ex14_GenerateReportRunner" time="0.007">
    <system-out><![CDATA[
Scenario Outline: login to application         &amp#27;[90m# src/test/resources/FeatureFiles/Ex7_ScenarioOutlineWithNormalScenario.feature:14&amp#27;[0m
at signup page
  &amp#27;[32mGiven &amp#27;[0m&amp#27;[32muser in at signup page&amp#27;[0m                 &amp#27;[90m# Steps.CreateUserSteps.user_in_at_signup_page()&amp#27;[0m
Enter Name : Priti
  &amp#27;[32mWhen &amp#27;[0m&amp#27;[32muser enters name as &amp#27;[0m&amp#27;[32m&amp#27;[1m"Priti"&amp#27;[0m&amp#27;[32m inside form&amp#27;[0m &amp#27;[90m# Steps.CreateUserSteps.user_enters_name_as_inside_form(java.lang.String)&amp#27;[0m
Enter Age: 25
  &amp#27;[32mAnd &amp#27;[0m&amp#27;[32muser enters age as &amp#27;[0m&amp#27;[32m&amp#27;[1m25&amp#27;[0m                    &amp#27;[90m# Steps.CreateUserSteps.user_enters_age_as(java.lang.Integer)&amp#27;[0m
Enter Gender: female
  &amp#27;[32mAnd &amp#27;[0m&amp#27;[32muser confirm gender as &amp#27;[0m&amp#27;[32m&amp#27;[1m"female"&amp#27;[0m          &amp#27;[90m# Steps.CreateUserSteps.user_confirm_gender_as(java.lang.String)&amp#27;[0m
--User Created--
  &amp#27;[32mThen &amp#27;[0m&amp#27;[32muser gets created&amp#27;[0m                       &amp#27;[90m# Steps.CreateUserSteps.user_gets_created()&amp#27;[0m
]]></system-out>
  </testcase>
  <testcase name="runScenario[&quot;url verification&quot;, &quot;login feature with Scenario outline&quot;](22)" classname="Runner.Ex14_GenerateReportRunner" time="0.01">
    <system-out><![CDATA[
Scenario: url verification        &amp#27;[90m# src/test/resources/FeatureFiles/Ex7_ScenarioOutlineWithNormalScenario.feature:16&amp#27;[0m
at signup page
  &amp#27;[32mGiven &amp#27;[0m&amp#27;[32muser in at signup page&amp#27;[0m    &amp#27;[90m# Steps.CreateUserSteps.user_in_at_signup_page()&amp#27;[0m
URL: login
  &amp#27;[32mThen &amp#27;[0m&amp#27;[32murl should contain &amp#27;[0m&amp#27;[32m&amp#27;[1m"login"&amp#27;[0m &amp#27;[90m# Steps.LoginSteps.url_should_contain(java.lang.String)&amp#27;[0m
]]></system-out>
  </testcase>
  <testcase name="runScenario[&quot;login to application&quot;, &quot;login feature with Scenario outline&quot;](23)" classname="Runner.Ex14_GenerateReportRunner" time="0.006">
    <system-out><![CDATA[
Scenario Outline: login to application         &amp#27;[90m# src/test/resources/FeatureFiles/Ex8_ScenarioOutlineWithBackgroundKeyword.feature:14&amp#27;[0m
at signup page
  &amp#27;[32mGiven &amp#27;[0m&amp#27;[32muser in at signup page&amp#27;[0m                 &amp#27;[90m# Steps.CreateUserSteps.user_in_at_signup_page()&amp#27;[0m
Enter Name : rahul
  &amp#27;[32mWhen &amp#27;[0m&amp#27;[32muser enters name as &amp#27;[0m&amp#27;[32m&amp#27;[1m"rahul"&amp#27;[0m&amp#27;[32m inside form&amp#27;[0m &amp#27;[90m# Steps.CreateUserSteps.user_enters_name_as_inside_form(java.lang.String)&amp#27;[0m
Enter Age: 21
  &amp#27;[32mAnd &amp#27;[0m&amp#27;[32muser enters age as &amp#27;[0m&amp#27;[32m&amp#27;[1m21&amp#27;[0m                    &amp#27;[90m# Steps.CreateUserSteps.user_enters_age_as(java.lang.Integer)&amp#27;[0m
Enter Gender: male
  &amp#27;[32mAnd &amp#27;[0m&amp#27;[32muser confirm gender as &amp#27;[0m&amp#27;[32m&amp#27;[1m"male"&amp#27;[0m            &amp#27;[90m# Steps.CreateUserSteps.user_confirm_gender_as(java.lang.String)&amp#27;[0m
--User Created--
  &amp#27;[32mThen &amp#27;[0m&amp#27;[32muser gets created&amp#27;[0m                       &amp#27;[90m# Steps.CreateUserSteps.user_gets_created()&amp#27;[0m
]]></system-out>
  </testcase>
  <testcase name="runScenario[&quot;login to application&quot;, &quot;login feature with Scenario outline&quot;](24)" classname="Runner.Ex14_GenerateReportRunner" time="0.009">
    <system-out><![CDATA[
Scenario Outline: login to application          &amp#27;[90m# src/test/resources/FeatureFiles/Ex8_ScenarioOutlineWithBackgroundKeyword.feature:15&amp#27;[0m
at signup page
  &amp#27;[32mGiven &amp#27;[0m&amp#27;[32muser in at signup page&amp#27;[0m                  &amp#27;[90m# Steps.CreateUserSteps.user_in_at_signup_page()&amp#27;[0m
Enter Name : mahesh
  &amp#27;[32mWhen &amp#27;[0m&amp#27;[32muser enters name as &amp#27;[0m&amp#27;[32m&amp#27;[1m"mahesh"&amp#27;[0m&amp#27;[32m inside form&amp#27;[0m &amp#27;[90m# Steps.CreateUserSteps.user_enters_name_as_inside_form(java.lang.String)&amp#27;[0m
Enter Age: 22
  &amp#27;[32mAnd &amp#27;[0m&amp#27;[32muser enters age as &amp#27;[0m&amp#27;[32m&amp#27;[1m22&amp#27;[0m                     &amp#27;[90m# Steps.CreateUserSteps.user_enters_age_as(java.lang.Integer)&amp#27;[0m
Enter Gender: male
  &amp#27;[32mAnd &amp#27;[0m&amp#27;[32muser confirm gender as &amp#27;[0m&amp#27;[32m&amp#27;[1m"male"&amp#27;[0m             &amp#27;[90m# Steps.CreateUserSteps.user_confirm_gender_as(java.lang.String)&amp#27;[0m
--User Created--
  &amp#27;[32mThen &amp#27;[0m&amp#27;[32muser gets created&amp#27;[0m                        &amp#27;[90m# Steps.CreateUserSteps.user_gets_created()&amp#27;[0m
]]></system-out>
  </testcase>
  <testcase name="runScenario[&quot;login to application&quot;, &quot;login feature with Scenario outline&quot;](25)" classname="Runner.Ex14_GenerateReportRunner" time="0.005">
    <system-out><![CDATA[
Scenario Outline: login to application         &amp#27;[90m# src/test/resources/FeatureFiles/Ex8_ScenarioOutlineWithBackgroundKeyword.feature:16&amp#27;[0m
at signup page
  &amp#27;[32mGiven &amp#27;[0m&amp#27;[32muser in at signup page&amp#27;[0m                 &amp#27;[90m# Steps.CreateUserSteps.user_in_at_signup_page()&amp#27;[0m
Enter Name : Priti
  &amp#27;[32mWhen &amp#27;[0m&amp#27;[32muser enters name as &amp#27;[0m&amp#27;[32m&amp#27;[1m"Priti"&amp#27;[0m&amp#27;[32m inside form&amp#27;[0m &amp#27;[90m# Steps.CreateUserSteps.user_enters_name_as_inside_form(java.lang.String)&amp#27;[0m
Enter Age: 25
  &amp#27;[32mAnd &amp#27;[0m&amp#27;[32muser enters age as &amp#27;[0m&amp#27;[32m&amp#27;[1m25&amp#27;[0m                    &amp#27;[90m# Steps.CreateUserSteps.user_enters_age_as(java.lang.Integer)&amp#27;[0m
Enter Gender: female
  &amp#27;[32mAnd &amp#27;[0m&amp#27;[32muser confirm gender as &amp#27;[0m&amp#27;[32m&amp#27;[1m"female"&amp#27;[0m          &amp#27;[90m# Steps.CreateUserSteps.user_confirm_gender_as(java.lang.String)&amp#27;[0m
--User Created--
  &amp#27;[32mThen &amp#27;[0m&amp#27;[32muser gets created&amp#27;[0m                       &amp#27;[90m# Steps.CreateUserSteps.user_gets_created()&amp#27;[0m
]]></system-out>
  </testcase>
  <testcase name="runScenario[&quot;url verification&quot;, &quot;login feature with Scenario outline&quot;](26)" classname="Runner.Ex14_GenerateReportRunner" time="0.015">
    <system-out><![CDATA[
Scenario: url verification        &amp#27;[90m# src/test/resources/FeatureFiles/Ex8_ScenarioOutlineWithBackgroundKeyword.feature:18&amp#27;[0m
at signup page
  &amp#27;[32mGiven &amp#27;[0m&amp#27;[32muser in at signup page&amp#27;[0m    &amp#27;[90m# Steps.CreateUserSteps.user_in_at_signup_page()&amp#27;[0m
URL: login
  &amp#27;[32mThen &amp#27;[0m&amp#27;[32murl should contain &amp#27;[0m&amp#27;[32m&amp#27;[1m"login"&amp#27;[0m &amp#27;[90m# Steps.LoginSteps.url_should_contain(java.lang.String)&amp#27;[0m
]]></system-out>
  </testcase>
  <testcase name="runScenario[&quot;opening acc with nominee info&quot;, &quot;: Open bank account&quot;](27)" classname="Runner.Ex14_GenerateReportRunner" time="0.015">
    <system-out><![CDATA[
Scenario: opening acc with nominee info        &amp#27;[90m# src/test/resources/FeatureFiles/Ex9_DataTable.feature:2&amp#27;[0m
at acc opening page
  &amp#27;[32mGiven &amp#27;[0m&amp#27;[32muser should be at account opening page&amp#27;[0m &amp#27;[90m# Steps.AccountSteps.user_should_be_at_account_opening_page()&amp#27;[0m
abc1
9999999999
1111111111
  &amp#27;[32mWhen &amp#27;[0m&amp#27;[32muser enters following data&amp#27;[0m              &amp#27;[90m# Steps.AccountSteps.user_enters_following_data(io.cucumber.datatable.DataTable)&amp#27;[0m
    | FN   | LN   | Mail ID        | Mob Num    |
    | abc1 | xyz1 | abc1@gmail.com | 8888888888 |
    | abc2 | xyz2 | abc2@gmail.com | 9999999999 |
    | abc3 | xyz3 | abc3@gmail.com | 1111111111 |
click on submit btn
  &amp#27;[32mAnd &amp#27;[0m&amp#27;[32muser click on submit btn&amp#27;[0m                 &amp#27;[90m# Steps.AccountSteps.user_click_on_submit_btn()&amp#27;[0m
--user created--
  &amp#27;[32mThen &amp#27;[0m&amp#27;[32muser get created&amp#27;[0m                        &amp#27;[90m# Steps.AccountSteps.user_get_created()&amp#27;[0m
]]></system-out>
  </testcase>
</testsuite>