<?xml version="1.0" encoding="UTF-8"?>
<testng-results ignored="0" total="1" passed="1" failed="0" skipped="0">
  <reporter-output>
  </reporter-output>
  <suite started-at="2025-01-21T08:14:59 IST" name="Default suite" finished-at="2025-01-21T08:14:59 IST" duration-ms="280">
    <groups>
      <group name="cucumber">
        <method signature="AbstractTestNGCucumberTests.runScenario(io.cucumber.testng.PickleWrapper,io.cucumber.testng.FeatureWrapper)[pri:0, instance:Runner.Ex1_loginToApplWithoutTDRunner@55b699ef]" name="runScenario" class="io.cucumber.testng.AbstractTestNGCucumberTests"/>
      </group> <!-- cucumber -->
    </groups>
    <test started-at="2025-01-21T08:14:59 IST" name="Default test" finished-at="2025-01-21T08:14:59 IST" duration-ms="280">
      <class name="Runner.Ex1_loginToApplWithoutTDRunner">
        <test-method is-config="true" signature="setUpClass(org.testng.ITestContext)[pri:0, instance:Runner.Ex1_loginToApplWithoutTDRunner@55b699ef]" started-at="2025-01-21T08:14:59 IST" name="setUpClass" finished-at="2025-01-21T08:14:59 IST" duration-ms="166" status="PASS">
          <params>
            <param index="0">
              <value>
                <![CDATA[org.testng.TestRunner@6436a7db]]>
              </value>
            </param>
          </params>
          <reporter-output>
          </reporter-output>
        </test-method> <!-- setUpClass -->
        <test-method signature="runScenario(io.cucumber.testng.PickleWrapper,io.cucumber.testng.FeatureWrapper)[pri:0, instance:Runner.Ex1_loginToApplWithoutTDRunner@55b699ef]" started-at="2025-01-21T08:14:59 IST" name="runScenario" description="Runs Cucumber Scenarios" data-provider="scenarios" finished-at="2025-01-21T08:14:59 IST" duration-ms="71" status="PASS">
          <params>
            <param index="0">
              <value>
                <![CDATA["login with valid credetials"]]>
              </value>
            </param>
            <param index="1">
              <value>
                <![CDATA["login feature"]]>
              </value>
            </param>
          </params>
          <reporter-output>
          </reporter-output>
        </test-method> <!-- runScenario -->
        <test-method is-config="true" signature="tearDownClass()[pri:0, instance:Runner.Ex1_loginToApplWithoutTDRunner@55b699ef]" started-at="2025-01-21T08:14:59 IST" name="tearDownClass" finished-at="2025-01-21T08:14:59 IST" duration-ms="4" status="PASS">
          <reporter-output>
          </reporter-output>
        </test-method> <!-- tearDownClass -->
      </class> <!-- Runner.Ex1_loginToApplWithoutTDRunner -->
    </test> <!-- Default test -->
  </suite> <!-- Default suite -->
</testng-results>
