<?xml version="1.0" encoding="UTF-8"?>
<testng-results ignored="0" total="4" passed="4" failed="0" skipped="0">
  <reporter-output>
  </reporter-output>
  <suite started-at="2025-01-25T08:00:11 IST" name="Default suite" finished-at="2025-01-25T08:00:13 IST" duration-ms="2153">
    <groups>
      <group name="cucumber">
        <method signature="AbstractTestNGCucumberTests.runScenario(io.cucumber.testng.PickleWrapper,io.cucumber.testng.FeatureWrapper)[pri:0, instance:Runner.Ex12_ExecutionOfMultipleFeaturefilesRunner@55b699ef]" name="runScenario" class="io.cucumber.testng.AbstractTestNGCucumberTests"/>
      </group> <!-- cucumber -->
    </groups>
    <test started-at="2025-01-25T08:00:11 IST" name="Default test" finished-at="2025-01-25T08:00:13 IST" duration-ms="2153">
      <class name="Runner.Ex12_ExecutionOfMultipleFeaturefilesRunner">
        <test-method is-config="true" signature="setUpClass(org.testng.ITestContext)[pri:0, instance:Runner.Ex12_ExecutionOfMultipleFeaturefilesRunner@55b699ef]" started-at="2025-01-25T08:00:11 IST" name="setUpClass" finished-at="2025-01-25T08:00:11 IST" duration-ms="367" status="PASS">
          <params>
            <param index="0">
              <value>
                <![CDATA[org.testng.TestRunner@57b9e423]]>
              </value>
            </param>
          </params>
          <reporter-output>
          </reporter-output>
        </test-method> <!-- setUpClass -->
        <test-method signature="runScenario(io.cucumber.testng.PickleWrapper,io.cucumber.testng.FeatureWrapper)[pri:0, instance:Runner.Ex12_ExecutionOfMultipleFeaturefilesRunner@55b699ef]" started-at="2025-01-25T08:00:11 IST" name="runScenario" description="Runs Cucumber Scenarios" data-provider="scenarios" finished-at="2025-01-25T08:00:11 IST" duration-ms="80" status="PASS">
          <params>
            <param index="0">
              <value>
                <![CDATA["login with valid credetials"]]>
              </value>
            </param>
            <param index="1">
              <value>
                <![CDATA["login feature"]]>
              </value>
            </param>
          </params>
          <reporter-output>
          </reporter-output>
        </test-method> <!-- runScenario -->
        <test-method signature="runScenario(io.cucumber.testng.PickleWrapper,io.cucumber.testng.FeatureWrapper)[pri:0, instance:Runner.Ex12_ExecutionOfMultipleFeaturefilesRunner@55b699ef]" started-at="2025-01-25T08:00:11 IST" name="runScenario" description="Runs Cucumber Scenarios" data-provider="scenarios" finished-at="2025-01-25T08:00:11 IST" duration-ms="12" status="PASS">
          <params>
            <param index="0">
              <value>
                <![CDATA[": login with credentials"]]>
              </value>
            </param>
            <param index="1">
              <value>
                <![CDATA["login to app"]]>
              </value>
            </param>
          </params>
          <reporter-output>
          </reporter-output>
        </test-method> <!-- runScenario -->
        <test-method signature="runScenario(io.cucumber.testng.PickleWrapper,io.cucumber.testng.FeatureWrapper)[pri:0, instance:Runner.Ex12_ExecutionOfMultipleFeaturefilesRunner@55b699ef]" started-at="2025-01-25T08:00:11 IST" name="runScenario" description="Runs Cucumber Scenarios" data-provider="scenarios" finished-at="2025-01-25T08:00:11 IST" duration-ms="9" status="PASS">
          <params>
            <param index="0">
              <value>
                <![CDATA["verify title of webpage"]]>
              </value>
            </param>
            <param index="1">
              <value>
                <![CDATA["login to app"]]>
              </value>
            </param>
          </params>
          <reporter-output>
          </reporter-output>
        </test-method> <!-- runScenario -->
        <test-method signature="runScenario(io.cucumber.testng.PickleWrapper,io.cucumber.testng.FeatureWrapper)[pri:0, instance:Runner.Ex12_ExecutionOfMultipleFeaturefilesRunner@55b699ef]" started-at="2025-01-25T08:00:11 IST" name="runScenario" description="Runs Cucumber Scenarios" data-provider="scenarios" finished-at="2025-01-25T08:00:11 IST" duration-ms="21" status="PASS">
          <params>
            <param index="0">
              <value>
                <![CDATA["login with valid credentials using TestData"]]>
              </value>
            </param>
            <param index="1">
              <value>
                <![CDATA["Login functionality with Test Data"]]>
              </value>
            </param>
          </params>
          <reporter-output>
          </reporter-output>
        </test-method> <!-- runScenario -->
        <test-method is-config="true" signature="tearDownClass()[pri:0, instance:Runner.Ex12_ExecutionOfMultipleFeaturefilesRunner@55b699ef]" started-at="2025-01-25T08:00:11 IST" name="tearDownClass" finished-at="2025-01-25T08:00:13 IST" duration-ms="1622" status="PASS">
          <reporter-output>
          </reporter-output>
        </test-method> <!-- tearDownClass -->
      </class> <!-- Runner.Ex12_ExecutionOfMultipleFeaturefilesRunner -->
    </test> <!-- Default test -->
  </suite> <!-- Default suite -->
</testng-results>
