<?xml version="1.0" encoding="UTF-8"?>
<!-- Generated by org.testng.reporters.JUnitReportReporter -->
<testsuite hostname="Sanju" failures="1" tests="2" name="Runner.Ex15_ReRunFailedScenariosRunner" time="0.090" errors="0" timestamp="2025-01-28T07:37:30 IST" skipped="0">
  <testcase classname="Runner.Ex15_ReRunFailedScenariosRunner" name="runScenario" time="0.072"/>
  <system-out/>
  <testcase classname="Runner.Ex15_ReRunFailedScenariosRunner" name="runScenario" time="0.018">
    <failure message="Failed: both results are mismatch expected [Hello] but found [Hi]" type="java.lang.AssertionError">
      <![CDATA[java.lang.AssertionError: Failed: both results are mismatch expected [Hello] but found [Hi]
at org.testng.Assert.fail(Assert.java:110)
at org.testng.Assert.failNotEquals(Assert.java:1577)
at org.testng.Assert.assertEqualsImpl(Assert.java:149)
at org.testng.Assert.assertEquals(Assert.java:131)
at org.testng.Assert.assertEquals(Assert.java:655)
at Steps.LoginSteps.title_of_app_should_be_visible(LoginSteps.java:45)
at ✽.title of App should be visible(file:///D:/6th%20July%202024/Workspace/6thJuly_CucumberProjrct/src/test/resources/FeatureFiles/Ex2_MultipleScenarioInSingleFeatureFile.feature:12)
]]>
    </failure>
  </testcase> <!-- runScenario -->
  <system-out/>
</testsuite> <!-- Runner.Ex15_ReRunFailedScenariosRunner -->
